0 info it worked if it ends with ok
1 verbose cli [ '/usr/local/bin/node',
1 verbose cli   '/usr/local/lib/node_modules/npm/bin/npm-cli.js',
1 verbose cli   'run',
1 verbose cli   'mock',
1 verbose cli   '--scripts-prepend-node-path=auto' ]
2 info using npm@3.10.10
3 info using node@v6.10.1
4 verbose run-script [ 'premock', 'mock', 'postmock' ]
5 info lifecycle angular5-di-demo@0.0.0~premock: angular5-di-demo@0.0.0
6 silly lifecycle angular5-di-demo@0.0.0~premock: no script for premock, continuing
7 info lifecycle angular5-di-demo@0.0.0~mock: angular5-di-demo@0.0.0
8 verbose lifecycle angular5-di-demo@0.0.0~mock: unsafe-perm in lifecycle true
9 verbose lifecycle angular5-di-demo@0.0.0~mock: PATH: /usr/local/lib/node_modules/npm/bin/node-gyp-bin:/Users/sundar/Downloads/Angular/angular5-di-demo/node_modules/.bin:/usr/local/bin:/usr/bin:/bin:/usr/sbin:/sbin
10 verbose lifecycle angular5-di-demo@0.0.0~mock: CWD: /Users/sundar/Downloads/Angular/angular5-di-demo
11 silly lifecycle angular5-di-demo@0.0.0~mock: Args: [ '-c',
11 silly lifecycle   'cd e2e/wiremock && java -jar /Users/sundar/Downloads/software-education/wiremock-standalone-2.6.0.jar --port 9900 --v' ]
12 silly lifecycle angular5-di-demo@0.0.0~mock: Returned: code: 1  signal: null
13 info lifecycle angular5-di-demo@0.0.0~mock: Failed to exec mock script
14 verbose stack Error: angular5-di-demo@0.0.0 mock: `cd e2e/wiremock && java -jar /Users/sundar/Downloads/software-education/wiremock-standalone-2.6.0.jar --port 9900 --v`
14 verbose stack Exit status 1
14 verbose stack     at EventEmitter.<anonymous> (/usr/local/lib/node_modules/npm/lib/utils/lifecycle.js:255:16)
14 verbose stack     at emitTwo (events.js:106:13)
14 verbose stack     at EventEmitter.emit (events.js:191:7)
14 verbose stack     at ChildProcess.<anonymous> (/usr/local/lib/node_modules/npm/lib/utils/spawn.js:40:14)
14 verbose stack     at emitTwo (events.js:106:13)
14 verbose stack     at ChildProcess.emit (events.js:191:7)
14 verbose stack     at maybeClose (internal/child_process.js:886:16)
14 verbose stack     at Process.ChildProcess._handle.onexit (internal/child_process.js:226:5)
15 verbose pkgid angular5-di-demo@0.0.0
16 verbose cwd /Users/sundar/Downloads/Angular/angular5-di-demo
17 error Darwin 17.2.0
18 error argv "/usr/local/bin/node" "/usr/local/lib/node_modules/npm/bin/npm-cli.js" "run" "mock" "--scripts-prepend-node-path=auto"
19 error node v6.10.1
20 error npm  v3.10.10
21 error code ELIFECYCLE
22 error angular5-di-demo@0.0.0 mock: `cd e2e/wiremock && java -jar /Users/sundar/Downloads/software-education/wiremock-standalone-2.6.0.jar --port 9900 --v`
22 error Exit status 1
23 error Failed at the angular5-di-demo@0.0.0 mock script 'cd e2e/wiremock && java -jar /Users/sundar/Downloads/software-education/wiremock-standalone-2.6.0.jar --port 9900 --v'.
23 error Make sure you have the latest version of node.js and npm installed.
23 error If you do, this is most likely a problem with the angular5-di-demo package,
23 error not with npm itself.
23 error Tell the author that this fails on your system:
23 error     cd e2e/wiremock && java -jar /Users/sundar/Downloads/software-education/wiremock-standalone-2.6.0.jar --port 9900 --v
23 error You can get information on how to open an issue for this project with:
23 error     npm bugs angular5-di-demo
23 error Or if that isn't available, you can get their info via:
23 error     npm owner ls angular5-di-demo
23 error There is likely additional logging output above.
24 verbose exit [ 1, true ]
